Determining if the pthread_create exist failed with the following output:
Change Dir: /media/sf_youbot_edinburgh/workspaces/andrew/src/cyphy-vis-slam/geometric_verification/build/CMakeFiles/CMakeTmp

Run Build Command:/usr/bin/make "cmTryCompileExec2973947514/fast"
make[1]: Entering directory `/media/sf_youbot_edinburgh/workspaces/andrew/src/cyphy-vis-slam/geometric_verification/build/CMakeFiles/CMakeTmp'
/usr/bin/make -f CMakeFiles/cmTryCompileExec2973947514.dir/build.make CMakeFiles/cmTryCompileExec2973947514.dir/build
make[2]: Entering directory `/media/sf_youbot_edinburgh/workspaces/andrew/src/cyphy-vis-slam/geometric_verification/build/CMakeFiles/CMakeTmp'
/usr/bin/cmake -E cmake_progress_report /media/sf_youbot_edinburgh/workspaces/andrew/src/cyphy-vis-slam/geometric_verification/build/CMakeFiles/CMakeTmp/CMakeFiles 1
Building C object CMakeFiles/cmTryCompileExec2973947514.dir/CheckSymbolExists.c.o
/usr/bin/cc    -o CMakeFiles/cmTryCompileExec2973947514.dir/CheckSymbolExists.c.o   -c /media/sf_youbot_edinburgh/workspaces/andrew/src/cyphy-vis-slam/geometric_verification/build/CMakeFiles/CMakeTmp/CheckSymbolExists.c
Linking C executable cmTryCompileExec2973947514
/usr/bin/cmake -E cmake_link_script CMakeFiles/cmTryCompileExec2973947514.dir/link.txt --verbose=1
/usr/bin/cc         CMakeFiles/cmTryCompileExec2973947514.dir/CheckSymbolExists.c.o  -o cmTryCompileExec2973947514 -rdynamic 
CMakeFiles/cmTryCompileExec2973947514.dir/CheckSymbolExists.c.o: In function `main':
CheckSymbolExists.c:(.text+0x16): undefined reference to `pthread_create'
collect2: error: ld returned 1 exit status
make[2]: *** [cmTryCompileExec2973947514] Error 1
make[2]: Leaving directory `/media/sf_youbot_edinburgh/workspaces/andrew/src/cyphy-vis-slam/geometric_verification/build/CMakeFiles/CMakeTmp'
make[1]: *** [cmTryCompileExec2973947514/fast] Error 2
make[1]: Leaving directory `/media/sf_youbot_edinburgh/workspaces/andrew/src/cyphy-vis-slam/geometric_verification/build/CMakeFiles/CMakeTmp'

File /media/sf_youbot_edinburgh/workspaces/andrew/src/cyphy-vis-slam/geometric_verification/build/CMakeFiles/CMakeTmp/CheckSymbolExists.c:
/* */
#include <pthread.h>

int main(int argc, char** argv)
{
  (void)argv;
#ifndef pthread_create
  return ((int*)(&pthread_create))[argc];
#else
  (void)argc;
  return 0;
#endif
}

Determining if the function pthread_create exists in the pthreads failed with the following output:
Change Dir: /media/sf_youbot_edinburgh/workspaces/andrew/src/cyphy-vis-slam/geometric_verification/build/CMakeFiles/CMakeTmp

Run Build Command:/usr/bin/make "cmTryCompileExec3470303214/fast"
make[1]: Entering directory `/media/sf_youbot_edinburgh/workspaces/andrew/src/cyphy-vis-slam/geometric_verification/build/CMakeFiles/CMakeTmp'
/usr/bin/make -f CMakeFiles/cmTryCompileExec3470303214.dir/build.make CMakeFiles/cmTryCompileExec3470303214.dir/build
make[2]: Entering directory `/media/sf_youbot_edinburgh/workspaces/andrew/src/cyphy-vis-slam/geometric_verification/build/CMakeFiles/CMakeTmp'
/usr/bin/cmake -E cmake_progress_report /media/sf_youbot_edinburgh/workspaces/andrew/src/cyphy-vis-slam/geometric_verification/build/CMakeFiles/CMakeTmp/CMakeFiles 1
Building C object CMakeFiles/cmTryCompileExec3470303214.dir/CheckFunctionExists.c.o
/usr/bin/cc   -DCHECK_FUNCTION_EXISTS=pthread_create   -o CMakeFiles/cmTryCompileExec3470303214.dir/CheckFunctionExists.c.o   -c /usr/share/cmake-2.8/Modules/CheckFunctionExists.c
Linking C executable cmTryCompileExec3470303214
/usr/bin/cmake -E cmake_link_script CMakeFiles/cmTryCompileExec3470303214.dir/link.txt --verbose=1
/usr/bin/cc     -DCHECK_FUNCTION_EXISTS=pthread_create    CMakeFiles/cmTryCompileExec3470303214.dir/CheckFunctionExists.c.o  -o cmTryCompileExec3470303214 -rdynamic -lpthreads 
/usr/bin/ld: cannot find -lpthreads
collect2: error: ld returned 1 exit status
make[2]: *** [cmTryCompileExec3470303214] Error 1
make[2]: Leaving directory `/media/sf_youbot_edinburgh/workspaces/andrew/src/cyphy-vis-slam/geometric_verification/build/CMakeFiles/CMakeTmp'
make[1]: *** [cmTryCompileExec3470303214/fast] Error 2
make[1]: Leaving directory `/media/sf_youbot_edinburgh/workspaces/andrew/src/cyphy-vis-slam/geometric_verification/build/CMakeFiles/CMakeTmp'


